# JRE version: OpenJDK Runtime Environment Temurin-21.0.8+9 (21.0.8+9) (build 21.0.8+9-LTS)
# Java VM: OpenJDK 64-Bit Server VM Temurin-21.0.8+9 (21.0.8+9-LTS, mixed mode, sharing, tiered, compressed oops, compressed class ptrs, parallel gc, windows-amd64)
GC Precious Log:
 CardTable entry size: 512
 CPUs: 12 total, 12 available
 Memory: 7365M
 Large Page Support: Disabled
 NUMA Support: Disabled
 Compressed Oops: Enabled (32-bit)
 Alignments: Space 512K, Generation 512K, Heap 2M
 Heap Min Capacity: 100M
 Heap Initial Capacity: 100M
 Heap Max Capacity: 2G
 Pre-touch: Disabled
 Parallel Workers: 10
Heap:
 PSYoungGen      total 7168K, used 6976K [0x00000000d5580000, 0x00000000d5f80000, 0x0000000100000000)
  eden space 6144K, 100% used [0x00000000d5580000,0x00000000d5b80000,0x00000000d5b80000)
  from space 1024K, 81% used [0x00000000d5e80000,0x00000000d5f50000,0x00000000d5f80000)
  to   space 1024K, 84% used [0x00000000d5d80000,0x00000000d5e58000,0x00000000d5e80000)
 ParOldGen       total 1178624K, used 1178332K [0x0000000080000000, 0x00000000c7f00000, 0x00000000d5580000)
  object space 1178624K, 99% used [0x0000000080000000,0x00000000c7eb7158,0x00000000c7f00000)
 Metaspace       used 71401K, committed 72960K, reserved 1114112K
  class space    used 7783K, committed 8512K, reserved 1048576K
GC Heap History (20 events):
Event: 47.047 GC heap before
{Heap before GC invocations=2213 (full 3):
 PSYoungGen      total 8192K, used 8160K [0x00000000d5580000, 0x00000000d5e80000, 0x0000000100000000)
  eden space 7168K, 100% used [0x00000000d5580000,0x00000000d5c80000,0x00000000d5c80000)
  from space 1024K, 96% used [0x00000000d5c80000,0x00000000d5d78000,0x00000000d5d80000)
  to   space 1024K, 0% used [0x00000000d5d80000,0x00000000d5d80000,0x00000000d5e80000)
 ParOldGen       total 1168384K, used 1168364K [0x0000000080000000, 0x00000000c7500000, 0x00000000d5580000)
  object space 1168384K, 99% used [0x0000000080000000,0x00000000c74fb158,0x00000000c7500000)
 Metaspace       used 71401K, committed 72960K, reserved 1114112K
  class space    used 7783K, committed 8512K, reserved 1048576K
}
Event: 47.049 GC heap after
{Heap after GC invocations=2213 (full 3):
 PSYoungGen      total 8192K, used 864K [0x00000000d5580000, 0x00000000d5e80000, 0x0000000100000000)
  eden space 7168K, 0% used [0x00000000d5580000,0x00000000d5580000,0x00000000d5c80000)
  from space 1024K, 84% used [0x00000000d5d80000,0x00000000d5e58000,0x00000000d5e80000)
  to   space 1024K, 0% used [0x00000000d5c80000,0x00000000d5c80000,0x00000000d5d80000)
 ParOldGen       total 1169408K, used 1169188K [0x0000000080000000, 0x00000000c7600000, 0x00000000d5580000)
  object space 1169408K, 99% used [0x0000000080000000,0x00000000c75c9158,0x00000000c7600000)
 Metaspace       used 71401K, committed 72960K, reserved 1114112K
  class space    used 7783K, committed 8512K, reserved 1048576K
}
Event: 47.063 GC heap before
{Heap before GC invocations=2214 (full 3):
 PSYoungGen      total 8192K, used 8032K [0x00000000d5580000, 0x00000000d5e80000, 0x0000000100000000)
  eden space 7168K, 100% used [0x00000000d5580000,0x00000000d5c80000,0x00000000d5c80000)
  from space 1024K, 84% used [0x00000000d5d80000,0x00000000d5e58000,0x00000000d5e80000)
  to   space 1024K, 0% used [0x00000000d5c80000,0x00000000d5c80000,0x00000000d5d80000)
 ParOldGen       total 1169408K, used 1169188K [0x0000000080000000, 0x00000000c7600000, 0x00000000d5580000)
  object space 1169408K, 99% used [0x0000000080000000,0x00000000c75c9158,0x00000000c7600000)
 Metaspace       used 71401K, committed 72960K, reserved 1114112K
  class space    used 7783K, committed 8512K, reserved 1048576K
}
Event: 47.065 GC heap after
{Heap after GC invocations=2214 (full 3):
 PSYoungGen      total 8192K, used 896K [0x00000000d5580000, 0x00000000d5e80000, 0x0000000100000000)
  eden space 7168K, 0% used [0x00000000d5580000,0x00000000d5580000,0x00000000d5c80000)
  from space 1024K, 87% used [0x00000000d5c80000,0x00000000d5d60000,0x00000000d5d80000)
  to   space 1024K, 0% used [0x00000000d5d80000,0x00000000d5d80000,0x00000000d5e80000)
 ParOldGen       total 1169920K, used 1169916K [0x0000000080000000, 0x00000000c7680000, 0x00000000d5580000)
  object space 1169920K, 99% used [0x0000000080000000,0x00000000c767f158,0x00000000c7680000)
 Metaspace       used 71401K, committed 72960K, reserved 1114112K
  class space    used 7783K, committed 8512K, reserved 1048576K
}
Event: 47.076 GC heap before
{Heap before GC invocations=2215 (full 3):
 PSYoungGen      total 8192K, used 8064K [0x00000000d5580000, 0x00000000d5e80000, 0x0000000100000000)
  eden space 7168K, 100% used [0x00000000d5580000,0x00000000d5c80000,0x00000000d5c80000)
  from space 1024K, 87% used [0x00000000d5c80000,0x00000000d5d60000,0x00000000d5d80000)
  to   space 1024K, 0% used [0x00000000d5d80000,0x00000000d5d80000,0x00000000d5e80000)
 ParOldGen       total 1169920K, used 1169916K [0x0000000080000000, 0x00000000c7680000, 0x00000000d5580000)
  object space 1169920K, 99% used [0x0000000080000000,0x00000000c767f158,0x00000000c7680000)
 Metaspace       used 71401K, committed 72960K, reserved 1114112K
  class space    used 7783K, committed 8512K, reserved 1048576K
}
Event: 47.079 GC heap after
{Heap after GC invocations=2215 (full 3):
 PSYoungGen      total 7168K, used 995K [0x00000000d5580000, 0x00000000d6080000, 0x0000000100000000)
  eden space 6144K, 0% used [0x00000000d5580000,0x00000000d5580000,0x00000000d5b80000)
  from space 1024K, 97% used [0x00000000d5d80000,0x00000000d5e78f70,0x00000000d5e80000)
  to   space 2048K, 0% used [0x00000000d5b80000,0x00000000d5b80000,0x00000000d5d80000)
 ParOldGen       total 1170944K, used 1170692K [0x0000000080000000, 0x00000000c7780000, 0x00000000d5580000)
  object space 1170944K, 99% used [0x0000000080000000,0x00000000c7741158,0x00000000c7780000)
 Metaspace       used 71401K, committed 72960K, reserved 1114112K
  class space    used 7783K, committed 8512K, reserved 1048576K
}
Event: 47.087 GC heap before
{Heap before GC invocations=2216 (full 3):
 PSYoungGen      total 7168K, used 7127K [0x00000000d5580000, 0x00000000d6080000, 0x0000000100000000)
  eden space 6144K, 99% used [0x00000000d5580000,0x00000000d5b7cce8,0x00000000d5b80000)
  from space 1024K, 97% used [0x00000000d5d80000,0x00000000d5e78f70,0x00000000d5e80000)
  to   space 2048K, 0% used [0x00000000d5b80000,0x00000000d5b80000,0x00000000d5d80000)
 ParOldGen       total 1170944K, used 1170692K [0x0000000080000000, 0x00000000c7780000, 0x00000000d5580000)
  object space 1170944K, 99% used [0x0000000080000000,0x00000000c7741158,0x00000000c7780000)
 Metaspace       used 71401K, committed 72960K, reserved 1114112K
  class space    used 7783K, committed 8512K, reserved 1048576K
}
Event: 47.089 GC heap after
{Heap after GC invocations=2216 (full 3):
 PSYoungGen      total 7168K, used 836K [0x00000000d5580000, 0x00000000d5e80000, 0x0000000100000000)
  eden space 6144K, 0% used [0x00000000d5580000,0x00000000d5580000,0x00000000d5b80000)
  from space 1024K, 81% used [0x00000000d5b80000,0x00000000d5c51118,0x00000000d5c80000)
  to   space 1536K, 0% used [0x00000000d5d00000,0x00000000d5d00000,0x00000000d5e80000)
 ParOldGen       total 1171968K, used 1171612K [0x0000000080000000, 0x00000000c7880000, 0x00000000d5580000)
  object space 1171968K, 99% used [0x0000000080000000,0x00000000c7827158,0x00000000c7880000)
 Metaspace       used 71401K, committed 72960K, reserved 1114112K
  class space    used 7783K, committed 8512K, reserved 1048576K
}
Event: 47.097 GC heap before
{Heap before GC invocations=2217 (full 3):
 PSYoungGen      total 7168K, used 6980K [0x00000000d5580000, 0x00000000d5e80000, 0x0000000100000000)
  eden space 6144K, 100% used [0x00000000d5580000,0x00000000d5b80000,0x00000000d5b80000)
  from space 1024K, 81% used [0x00000000d5b80000,0x00000000d5c51118,0x00000000d5c80000)
  to   space 1536K, 0% used [0x00000000d5d00000,0x00000000d5d00000,0x00000000d5e80000)
 ParOldGen       total 1171968K, used 1171612K [0x0000000080000000, 0x00000000c7880000, 0x00000000d5580000)
  object space 1171968K, 99% used [0x0000000080000000,0x00000000c7827158,0x00000000c7880000)
 Metaspace       used 71401K, committed 72960K, reserved 1114112K
  class space    used 7783K, committed 8512K, reserved 1048576K
}
Event: 47.099 GC heap after
{Heap after GC invocations=2217 (full 3):
 PSYoungGen      total 7680K, used 992K [0x00000000d5580000, 0x00000000d5e80000, 0x0000000100000000)
  eden space 6144K, 0% used [0x00000000d5580000,0x00000000d5580000,0x00000000d5b80000)
  from space 1536K, 64% used [0x00000000d5d00000,0x00000000d5df8000,0x00000000d5e80000)
  to   space 1536K, 0% used [0x00000000d5b80000,0x00000000d5b80000,0x00000000d5d00000)
 ParOldGen       total 1172480K, used 1172276K [0x0000000080000000, 0x00000000c7900000, 0x00000000d5580000)
  object space 1172480K, 99% used [0x0000000080000000,0x00000000c78cd158,0x00000000c7900000)
 Metaspace       used 71401K, committed 72960K, reserved 1114112K
  class space    used 7783K, committed 8512K, reserved 1048576K
}
Event: 47.107 GC heap before
{Heap before GC invocations=2218 (full 3):
 PSYoungGen      total 7680K, used 7136K [0x00000000d5580000, 0x00000000d5e80000, 0x0000000100000000)
  eden space 6144K, 100% used [0x00000000d5580000,0x00000000d5b80000,0x00000000d5b80000)
  from space 1536K, 64% used [0x00000000d5d00000,0x00000000d5df8000,0x00000000d5e80000)
  to   space 1536K, 0% used [0x00000000d5b80000,0x00000000d5b80000,0x00000000d5d00000)
 ParOldGen       total 1172480K, used 1172276K [0x0000000080000000, 0x00000000c7900000, 0x00000000d5580000)
  object space 1172480K, 99% used [0x0000000080000000,0x00000000c78cd158,0x00000000c7900000)
 Metaspace       used 71401K, committed 72960K, reserved 1114112K
  class space    used 7783K, committed 8512K, reserved 1048576K
}
Event: 47.109 GC heap after
{Heap after GC invocations=2218 (full 3):
 PSYoungGen      total 7168K, used 832K [0x00000000d5580000, 0x00000000d5d80000, 0x0000000100000000)
  eden space 6144K, 0% used [0x00000000d5580000,0x00000000d5580000,0x00000000d5b80000)
  from space 1024K, 81% used [0x00000000d5b80000,0x00000000d5c50000,0x00000000d5c80000)
  to   space 1024K, 0% used [0x00000000d5c80000,0x00000000d5c80000,0x00000000d5d80000)
 ParOldGen       total 1173504K, used 1173084K [0x0000000080000000, 0x00000000c7a00000, 0x00000000d5580000)
  object space 1173504K, 99% used [0x0000000080000000,0x00000000c7997158,0x00000000c7a00000)
 Metaspace       used 71401K, committed 72960K, reserved 1114112K
  class space    used 7783K, committed 8512K, reserved 1048576K
}
Event: 47.116 GC heap before
{Heap before GC invocations=2219 (full 3):
 PSYoungGen      total 7168K, used 6976K [0x00000000d5580000, 0x00000000d5d80000, 0x0000000100000000)
  eden space 6144K, 100% used [0x00000000d5580000,0x00000000d5b80000,0x00000000d5b80000)
  from space 1024K, 81% used [0x00000000d5b80000,0x00000000d5c50000,0x00000000d5c80000)
  to   space 1024K, 0% used [0x00000000d5c80000,0x00000000d5c80000,0x00000000d5d80000)
 ParOldGen       total 1173504K, used 1173084K [0x0000000080000000, 0x00000000c7a00000, 0x00000000d5580000)
  object space 1173504K, 99% used [0x0000000080000000,0x00000000c7997158,0x00000000c7a00000)
 Metaspace       used 71401K, committed 72960K, reserved 1114112K
  class space    used 7783K, committed 8512K, reserved 1048576K
}
Event: 47.119 GC heap after
{Heap after GC invocations=2219 (full 3):
 PSYoungGen      total 6144K, used 1024K [0x00000000d5580000, 0x00000000d6100000, 0x0000000100000000)
  eden space 5120K, 0% used [0x00000000d5580000,0x00000000d5580000,0x00000000d5a80000)
  from space 1024K, 100% used [0x00000000d5c80000,0x00000000d5d80000,0x00000000d5d80000)
  to   space 2048K, 0% used [0x00000000d5a80000,0x00000000d5a80000,0x00000000d5c80000)
 ParOldGen       total 1174016K, used 1173860K [0x0000000080000000, 0x00000000c7a80000, 0x00000000d5580000)
  object space 1174016K, 99% used [0x0000000080000000,0x00000000c7a59158,0x00000000c7a80000)
 Metaspace       used 71401K, committed 72960K, reserved 1114112K
  class space    used 7783K, committed 8512K, reserved 1048576K
}
Event: 47.125 GC heap before
{Heap before GC invocations=2220 (full 3):
 PSYoungGen      total 6144K, used 6133K [0x00000000d5580000, 0x00000000d6100000, 0x0000000100000000)
  eden space 5120K, 99% used [0x00000000d5580000,0x00000000d5a7d698,0x00000000d5a80000)
  from space 1024K, 100% used [0x00000000d5c80000,0x00000000d5d80000,0x00000000d5d80000)
  to   space 2048K, 0% used [0x00000000d5a80000,0x00000000d5a80000,0x00000000d5c80000)
 ParOldGen       total 1174016K, used 1173860K [0x0000000080000000, 0x00000000c7a80000, 0x00000000d5580000)
  object space 1174016K, 99% used [0x0000000080000000,0x00000000c7a59158,0x00000000c7a80000)
 Metaspace       used 71401K, committed 72960K, reserved 1114112K
  class space    used 7783K, committed 8512K, reserved 1048576K
}
Event: 47.128 GC heap after
{Heap after GC invocations=2220 (full 3):
 PSYoungGen      total 7168K, used 1072K [0x00000000d5580000, 0x00000000d5e80000, 0x0000000100000000)
  eden space 5120K, 0% used [0x00000000d5580000,0x00000000d5580000,0x00000000d5a80000)
  from space 2048K, 52% used [0x00000000d5a80000,0x00000000d5b8c010,0x00000000d5c80000)
  to   space 1536K, 0% used [0x00000000d5d00000,0x00000000d5d00000,0x00000000d5e80000)
 ParOldGen       total 1175040K, used 1174836K [0x0000000080000000, 0x00000000c7b80000, 0x00000000d5580000)
  object space 1175040K, 99% used [0x0000000080000000,0x00000000c7b4d158,0x00000000c7b80000)
 Metaspace       used 71401K, committed 72960K, reserved 1114112K
  class space    used 7783K, committed 8512K, reserved 1048576K
}
Event: 47.134 GC heap before
{Heap before GC invocations=2221 (full 3):
 PSYoungGen      total 7168K, used 6192K [0x00000000d5580000, 0x00000000d5e80000, 0x0000000100000000)
  eden space 5120K, 100% used [0x00000000d5580000,0x00000000d5a80000,0x00000000d5a80000)
  from space 2048K, 52% used [0x00000000d5a80000,0x00000000d5b8c010,0x00000000d5c80000)
  to   space 1536K, 0% used [0x00000000d5d00000,0x00000000d5d00000,0x00000000d5e80000)
 ParOldGen       total 1175040K, used 1174836K [0x0000000080000000, 0x00000000c7b80000, 0x00000000d5580000)
  object space 1175040K, 99% used [0x0000000080000000,0x00000000c7b4d158,0x00000000c7b80000)
 Metaspace       used 71401K, committed 72960K, reserved 1114112K
  class space    used 7783K, committed 8512K, reserved 1048576K
}
Event: 47.136 GC heap after
{Heap after GC invocations=2221 (full 3):
 PSYoungGen      total 7680K, used 1024K [0x00000000d5580000, 0x00000000d5e80000, 0x0000000100000000)
  eden space 6144K, 0% used [0x00000000d5580000,0x00000000d5580000,0x00000000d5b80000)
  from space 1536K, 66% used [0x00000000d5d00000,0x00000000d5e00000,0x00000000d5e80000)
  to   space 1536K, 0% used [0x00000000d5b80000,0x00000000d5b80000,0x00000000d5d00000)
 ParOldGen       total 1176064K, used 1175740K [0x0000000080000000, 0x00000000c7c80000, 0x00000000d5580000)
  object space 1176064K, 99% used [0x0000000080000000,0x00000000c7c2f158,0x00000000c7c80000)
 Metaspace       used 71401K, committed 72960K, reserved 1114112K
  class space    used 7783K, committed 8512K, reserved 1048576K
}
Event: 47.143 GC heap before
{Heap before GC invocations=2222 (full 3):
 PSYoungGen      total 7680K, used 7168K [0x00000000d5580000, 0x00000000d5e80000, 0x0000000100000000)
  eden space 6144K, 100% used [0x00000000d5580000,0x00000000d5b80000,0x00000000d5b80000)
  from space 1536K, 66% used [0x00000000d5d00000,0x00000000d5e00000,0x00000000d5e80000)
  to   space 1536K, 0% used [0x00000000d5b80000,0x00000000d5b80000,0x00000000d5d00000)
 ParOldGen       total 1176064K, used 1175740K [0x0000000080000000, 0x00000000c7c80000, 0x00000000d5580000)
  object space 1176064K, 99% used [0x0000000080000000,0x00000000c7c2f158,0x00000000c7c80000)
 Metaspace       used 71401K, committed 72960K, reserved 1114112K
  class space    used 7783K, committed 8512K, reserved 1048576K
}
Event: 47.145 GC heap after
{Heap after GC invocations=2222 (full 3):
 PSYoungGen      total 7680K, used 1120K [0x00000000d5580000, 0x00000000d6000000, 0x0000000100000000)
  eden space 6144K, 0% used [0x00000000d5580000,0x00000000d5580000,0x00000000d5b80000)
  from space 1536K, 72% used [0x00000000d5b80000,0x00000000d5c98000,0x00000000d5d00000)
  to   space 1536K, 0% used [0x00000000d5e80000,0x00000000d5e80000,0x00000000d6000000)
 ParOldGen       total 1177088K, used 1176644K [0x0000000080000000, 0x00000000c7d80000, 0x00000000d5580000)
  object space 1177088K, 99% used [0x0000000080000000,0x00000000c7d11158,0x00000000c7d80000)
 Metaspace       used 71401K, committed 72960K, reserved 1114112K
  class space    used 7783K, committed 8512K, reserved 1048576K
}

