# JRE version: OpenJDK Runtime Environment Temurin-21.0.8+9 (21.0.8+9) (build 21.0.8+9-LTS)
# Java VM: OpenJDK 64-Bit Server VM Temurin-21.0.8+9 (21.0.8+9-LTS, mixed mode, sharing, tiered, compressed oops, compressed class ptrs, parallel gc, windows-amd64)
GC Precious Log:
 CardTable entry size: 512
 CPUs: 12 total, 12 available
 Memory: 7365M
 Large Page Support: Disabled
 NUMA Support: Disabled
 Compressed Oops: Enabled (32-bit)
 Alignments: Space 512K, Generation 512K, Heap 2M
 Heap Min Capacity: 100M
 Heap Initial Capacity: 100M
 Heap Max Capacity: 2G
 Pre-touch: Disabled
 Parallel Workers: 10
Heap:
 PSYoungGen      total 10752K, used 6230K [0x00000000d5580000, 0x00000000d6600000, 0x0000000100000000)
  eden space 10240K, 58% used [0x00000000d5580000,0x00000000d5b559a8,0x00000000d5f80000)
  from space 512K, 50% used [0x00000000d6500000,0x00000000d6540000,0x00000000d6580000)
  to   space 512K, 0% used [0x00000000d6580000,0x00000000d6580000,0x00000000d6600000)
 ParOldGen       total 1315328K, used 572779K [0x0000000080000000, 0x00000000d0480000, 0x00000000d5580000)
  object space 1315328K, 43% used [0x0000000080000000,0x00000000a2f5ad70,0x00000000d0480000)
 Metaspace       used 78987K, committed 80640K, reserved 1179648K
  class space    used 8534K, committed 9280K, reserved 1048576K
GC Heap History (20 events):
Event: 1081.537 GC heap before
{Heap before GC invocations=2776 (full 4):
 PSYoungGen      total 10752K, used 10374K [0x00000000d5580000, 0x00000000d6980000, 0x0000000100000000)
  eden space 5120K, 100% used [0x00000000d5580000,0x00000000d5a80000,0x00000000d5a80000)
  from space 5632K, 93% used [0x00000000d5a80000,0x00000000d5fa18f8,0x00000000d6000000)
  to   space 7168K, 0% used [0x00000000d6280000,0x00000000d6280000,0x00000000d6980000)
 ParOldGen       total 1315328K, used 545769K [0x0000000080000000, 0x00000000d0480000, 0x00000000d5580000)
  object space 1315328K, 41% used [0x0000000080000000,0x00000000a14fa640,0x00000000d0480000)
 Metaspace       used 78907K, committed 80448K, reserved 1179648K
  class space    used 8531K, committed 9216K, reserved 1048576K
}
Event: 1081.553 GC heap after
{Heap after GC invocations=2776 (full 4):
 PSYoungGen      total 11776K, used 5248K [0x00000000d5580000, 0x00000000d6800000, 0x0000000100000000)
  eden space 6144K, 0% used [0x00000000d5580000,0x00000000d5580000,0x00000000d5b80000)
  from space 5632K, 93% used [0x00000000d6280000,0x00000000d67a0000,0x00000000d6800000)
  to   space 5632K, 0% used [0x00000000d5d00000,0x00000000d5d00000,0x00000000d6280000)
 ParOldGen       total 1315328K, used 550959K [0x0000000080000000, 0x00000000d0480000, 0x00000000d5580000)
  object space 1315328K, 41% used [0x0000000080000000,0x00000000a1a0bf38,0x00000000d0480000)
 Metaspace       used 78907K, committed 80448K, reserved 1179648K
  class space    used 8531K, committed 9216K, reserved 1048576K
}
Event: 1081.580 GC heap before
{Heap before GC invocations=2777 (full 4):
 PSYoungGen      total 11776K, used 11392K [0x00000000d5580000, 0x00000000d6800000, 0x0000000100000000)
  eden space 6144K, 100% used [0x00000000d5580000,0x00000000d5b80000,0x00000000d5b80000)
  from space 5632K, 93% used [0x00000000d6280000,0x00000000d67a0000,0x00000000d6800000)
  to   space 5632K, 0% used [0x00000000d5d00000,0x00000000d5d00000,0x00000000d6280000)
 ParOldGen       total 1315328K, used 550959K [0x0000000080000000, 0x00000000d0480000, 0x00000000d5580000)
  object space 1315328K, 41% used [0x0000000080000000,0x00000000a1a0bf38,0x00000000d0480000)
 Metaspace       used 78907K, committed 80448K, reserved 1179648K
  class space    used 8531K, committed 9216K, reserved 1048576K
}
Event: 1081.601 GC heap after
{Heap after GC invocations=2777 (full 4):
 PSYoungGen      total 13312K, used 5632K [0x00000000d5580000, 0x00000000d7600000, 0x0000000100000000)
  eden space 7680K, 0% used [0x00000000d5580000,0x00000000d5580000,0x00000000d5d00000)
  from space 5632K, 100% used [0x00000000d5d00000,0x00000000d6280000,0x00000000d6280000)
  to   space 12800K, 0% used [0x00000000d6980000,0x00000000d6980000,0x00000000d7600000)
 ParOldGen       total 1315328K, used 556663K [0x0000000080000000, 0x00000000d0480000, 0x00000000d5580000)
  object space 1315328K, 42% used [0x0000000080000000,0x00000000a1f9df38,0x00000000d0480000)
 Metaspace       used 78907K, committed 80448K, reserved 1179648K
  class space    used 8531K, committed 9216K, reserved 1048576K
}
Event: 1081.648 GC heap before
{Heap before GC invocations=2778 (full 4):
 PSYoungGen      total 13312K, used 13312K [0x00000000d5580000, 0x00000000d7600000, 0x0000000100000000)
  eden space 7680K, 100% used [0x00000000d5580000,0x00000000d5d00000,0x00000000d5d00000)
  from space 5632K, 100% used [0x00000000d5d00000,0x00000000d6280000,0x00000000d6280000)
  to   space 12800K, 0% used [0x00000000d6980000,0x00000000d6980000,0x00000000d7600000)
 ParOldGen       total 1315328K, used 556663K [0x0000000080000000, 0x00000000d0480000, 0x00000000d5580000)
  object space 1315328K, 42% used [0x0000000080000000,0x00000000a1f9df38,0x00000000d0480000)
 Metaspace       used 78907K, committed 80448K, reserved 1179648K
  class space    used 8531K, committed 9216K, reserved 1048576K
}
Event: 1081.668 GC heap after
{Heap after GC invocations=2778 (full 4):
 PSYoungGen      total 16384K, used 6832K [0x00000000d5580000, 0x00000000d7080000, 0x0000000100000000)
  eden space 9216K, 0% used [0x00000000d5580000,0x00000000d5580000,0x00000000d5e80000)
  from space 7168K, 95% used [0x00000000d6980000,0x00000000d702c000,0x00000000d7080000)
  to   space 8704K, 0% used [0x00000000d5f80000,0x00000000d5f80000,0x00000000d6800000)
 ParOldGen       total 1315328K, used 562399K [0x0000000080000000, 0x00000000d0480000, 0x00000000d5580000)
  object space 1315328K, 42% used [0x0000000080000000,0x00000000a2537f38,0x00000000d0480000)
 Metaspace       used 78907K, committed 80448K, reserved 1179648K
  class space    used 8531K, committed 9216K, reserved 1048576K
}
Event: 1082.312 GC heap before
{Heap before GC invocations=2779 (full 4):
 PSYoungGen      total 16384K, used 16039K [0x00000000d5580000, 0x00000000d7080000, 0x0000000100000000)
  eden space 9216K, 99% used [0x00000000d5580000,0x00000000d5e7ddf8,0x00000000d5e80000)
  from space 7168K, 95% used [0x00000000d6980000,0x00000000d702c000,0x00000000d7080000)
  to   space 8704K, 0% used [0x00000000d5f80000,0x00000000d5f80000,0x00000000d6800000)
 ParOldGen       total 1315328K, used 562399K [0x0000000080000000, 0x00000000d0480000, 0x00000000d5580000)
  object space 1315328K, 42% used [0x0000000080000000,0x00000000a2537f38,0x00000000d0480000)
 Metaspace       used 78908K, committed 80448K, reserved 1179648K
  class space    used 8531K, committed 9216K, reserved 1048576K
}
Event: 1082.331 GC heap after
{Heap after GC invocations=2779 (full 4):
 PSYoungGen      total 14848K, used 4383K [0x00000000d5580000, 0x00000000d6b80000, 0x0000000100000000)
  eden space 10240K, 0% used [0x00000000d5580000,0x00000000d5580000,0x00000000d5f80000)
  from space 4608K, 95% used [0x00000000d5f80000,0x00000000d63c7c10,0x00000000d6400000)
  to   space 5632K, 0% used [0x00000000d6600000,0x00000000d6600000,0x00000000d6b80000)
 ParOldGen       total 1315328K, used 568135K [0x0000000080000000, 0x00000000d0480000, 0x00000000d5580000)
  object space 1315328K, 43% used [0x0000000080000000,0x00000000a2ad1f38,0x00000000d0480000)
 Metaspace       used 78908K, committed 80448K, reserved 1179648K
  class space    used 8531K, committed 9216K, reserved 1048576K
}
Event: 1090.749 GC heap before
{Heap before GC invocations=2780 (full 4):
 PSYoungGen      total 14848K, used 14623K [0x00000000d5580000, 0x00000000d6b80000, 0x0000000100000000)
  eden space 10240K, 99% used [0x00000000d5580000,0x00000000d5f7fff0,0x00000000d5f80000)
  from space 4608K, 95% used [0x00000000d5f80000,0x00000000d63c7c10,0x00000000d6400000)
  to   space 5632K, 0% used [0x00000000d6600000,0x00000000d6600000,0x00000000d6b80000)
 ParOldGen       total 1315328K, used 568135K [0x0000000080000000, 0x00000000d0480000, 0x00000000d5580000)
  object space 1315328K, 43% used [0x0000000080000000,0x00000000a2ad1f38,0x00000000d0480000)
 Metaspace       used 78923K, committed 80512K, reserved 1179648K
  class space    used 8532K, committed 9280K, reserved 1048576K
}
Event: 1090.770 GC heap after
{Heap after GC invocations=2780 (full 4):
 PSYoungGen      total 10752K, used 388K [0x00000000d5580000, 0x00000000d6680000, 0x0000000100000000)
  eden space 10240K, 0% used [0x00000000d5580000,0x00000000d5580000,0x00000000d5f80000)
  from space 512K, 75% used [0x00000000d6600000,0x00000000d6661028,0x00000000d6680000)
  to   space 2560K, 0% used [0x00000000d6180000,0x00000000d6180000,0x00000000d6400000)
 ParOldGen       total 1315328K, used 572330K [0x0000000080000000, 0x00000000d0480000, 0x00000000d5580000)
  object space 1315328K, 43% used [0x0000000080000000,0x00000000a2eeab40,0x00000000d0480000)
 Metaspace       used 78923K, committed 80512K, reserved 1179648K
  class space    used 8532K, committed 9280K, reserved 1048576K
}
Event: 1161.317 GC heap before
{Heap before GC invocations=2781 (full 4):
 PSYoungGen      total 10752K, used 10628K [0x00000000d5580000, 0x00000000d6680000, 0x0000000100000000)
  eden space 10240K, 100% used [0x00000000d5580000,0x00000000d5f80000,0x00000000d5f80000)
  from space 512K, 75% used [0x00000000d6600000,0x00000000d6661028,0x00000000d6680000)
  to   space 2560K, 0% used [0x00000000d6180000,0x00000000d6180000,0x00000000d6400000)
 ParOldGen       total 1315328K, used 572330K [0x0000000080000000, 0x00000000d0480000, 0x00000000d5580000)
  object space 1315328K, 43% used [0x0000000080000000,0x00000000a2eeab40,0x00000000d0480000)
 Metaspace       used 78933K, committed 80512K, reserved 1179648K
  class space    used 8532K, committed 9280K, reserved 1048576K
}
Event: 1161.413 GC heap after
{Heap after GC invocations=2781 (full 4):
 PSYoungGen      total 12800K, used 288K [0x00000000d5580000, 0x00000000d6680000, 0x0000000100000000)
  eden space 10240K, 0% used [0x00000000d5580000,0x00000000d5580000,0x00000000d5f80000)
  from space 2560K, 11% used [0x00000000d6180000,0x00000000d61c8000,0x00000000d6400000)
  to   space 1024K, 0% used [0x00000000d6580000,0x00000000d6580000,0x00000000d6680000)
 ParOldGen       total 1315328K, used 572563K [0x0000000080000000, 0x00000000d0480000, 0x00000000d5580000)
  object space 1315328K, 43% used [0x0000000080000000,0x00000000a2f24d70,0x00000000d0480000)
 Metaspace       used 78933K, committed 80512K, reserved 1179648K
  class space    used 8532K, committed 9280K, reserved 1048576K
}
Event: 1199.576 GC heap before
{Heap before GC invocations=2782 (full 4):
 PSYoungGen      total 12800K, used 10527K [0x00000000d5580000, 0x00000000d6680000, 0x0000000100000000)
  eden space 10240K, 99% used [0x00000000d5580000,0x00000000d5f7ffd8,0x00000000d5f80000)
  from space 2560K, 11% used [0x00000000d6180000,0x00000000d61c8000,0x00000000d6400000)
  to   space 1024K, 0% used [0x00000000d6580000,0x00000000d6580000,0x00000000d6680000)
 ParOldGen       total 1315328K, used 572563K [0x0000000080000000, 0x00000000d0480000, 0x00000000d5580000)
  object space 1315328K, 43% used [0x0000000080000000,0x00000000a2f24d70,0x00000000d0480000)
 Metaspace       used 78936K, committed 80512K, reserved 1179648K
  class space    used 8532K, committed 9280K, reserved 1048576K
}
Event: 1199.592 GC heap after
{Heap after GC invocations=2782 (full 4):
 PSYoungGen      total 10752K, used 288K [0x00000000d5580000, 0x00000000d6600000, 0x0000000100000000)
  eden space 10240K, 0% used [0x00000000d5580000,0x00000000d5580000,0x00000000d5f80000)
  from space 512K, 56% used [0x00000000d6580000,0x00000000d65c8000,0x00000000d6600000)
  to   space 512K, 0% used [0x00000000d6500000,0x00000000d6500000,0x00000000d6580000)
 ParOldGen       total 1315328K, used 572627K [0x0000000080000000, 0x00000000d0480000, 0x00000000d5580000)
  object space 1315328K, 43% used [0x0000000080000000,0x00000000a2f34d70,0x00000000d0480000)
 Metaspace       used 78936K, committed 80512K, reserved 1179648K
  class space    used 8532K, committed 9280K, reserved 1048576K
}
Event: 1234.827 GC heap before
{Heap before GC invocations=2783 (full 4):
 PSYoungGen      total 10752K, used 10528K [0x00000000d5580000, 0x00000000d6600000, 0x0000000100000000)
  eden space 10240K, 100% used [0x00000000d5580000,0x00000000d5f80000,0x00000000d5f80000)
  from space 512K, 56% used [0x00000000d6580000,0x00000000d65c8000,0x00000000d6600000)
  to   space 512K, 0% used [0x00000000d6500000,0x00000000d6500000,0x00000000d6580000)
 ParOldGen       total 1315328K, used 572627K [0x0000000080000000, 0x00000000d0480000, 0x00000000d5580000)
  object space 1315328K, 43% used [0x0000000080000000,0x00000000a2f34d70,0x00000000d0480000)
 Metaspace       used 78946K, committed 80576K, reserved 1179648K
  class space    used 8534K, committed 9280K, reserved 1048576K
}
Event: 1234.833 GC heap after
{Heap after GC invocations=2783 (full 4):
 PSYoungGen      total 10752K, used 288K [0x00000000d5580000, 0x00000000d6600000, 0x0000000100000000)
  eden space 10240K, 0% used [0x00000000d5580000,0x00000000d5580000,0x00000000d5f80000)
  from space 512K, 56% used [0x00000000d6500000,0x00000000d6548000,0x00000000d6580000)
  to   space 512K, 0% used [0x00000000d6580000,0x00000000d6580000,0x00000000d6600000)
 ParOldGen       total 1315328K, used 572675K [0x0000000080000000, 0x00000000d0480000, 0x00000000d5580000)
  object space 1315328K, 43% used [0x0000000080000000,0x00000000a2f40d70,0x00000000d0480000)
 Metaspace       used 78946K, committed 80576K, reserved 1179648K
  class space    used 8534K, committed 9280K, reserved 1048576K
}
Event: 1361.014 GC heap before
{Heap before GC invocations=2784 (full 4):
 PSYoungGen      total 10752K, used 10528K [0x00000000d5580000, 0x00000000d6600000, 0x0000000100000000)
  eden space 10240K, 100% used [0x00000000d5580000,0x00000000d5f80000,0x00000000d5f80000)
  from space 512K, 56% used [0x00000000d6500000,0x00000000d6548000,0x00000000d6580000)
  to   space 512K, 0% used [0x00000000d6580000,0x00000000d6580000,0x00000000d6600000)
 ParOldGen       total 1315328K, used 572675K [0x0000000080000000, 0x00000000d0480000, 0x00000000d5580000)
  object space 1315328K, 43% used [0x0000000080000000,0x00000000a2f40d70,0x00000000d0480000)
 Metaspace       used 78960K, committed 80640K, reserved 1179648K
  class space    used 8534K, committed 9280K, reserved 1048576K
}
Event: 1361.087 GC heap after
{Heap after GC invocations=2784 (full 4):
 PSYoungGen      total 10752K, used 288K [0x00000000d5580000, 0x00000000d6600000, 0x0000000100000000)
  eden space 10240K, 0% used [0x00000000d5580000,0x00000000d5580000,0x00000000d5f80000)
  from space 512K, 56% used [0x00000000d6580000,0x00000000d65c8000,0x00000000d6600000)
  to   space 512K, 0% used [0x00000000d6500000,0x00000000d6500000,0x00000000d6580000)
 ParOldGen       total 1315328K, used 572731K [0x0000000080000000, 0x00000000d0480000, 0x00000000d5580000)
  object space 1315328K, 43% used [0x0000000080000000,0x00000000a2f4ed70,0x00000000d0480000)
 Metaspace       used 78960K, committed 80640K, reserved 1179648K
  class space    used 8534K, committed 9280K, reserved 1048576K
}
Event: 4482.791 GC heap before
{Heap before GC invocations=2785 (full 4):
 PSYoungGen      total 10752K, used 10528K [0x00000000d5580000, 0x00000000d6600000, 0x0000000100000000)
  eden space 10240K, 100% used [0x00000000d5580000,0x00000000d5f80000,0x00000000d5f80000)
  from space 512K, 56% used [0x00000000d6580000,0x00000000d65c8000,0x00000000d6600000)
  to   space 512K, 0% used [0x00000000d6500000,0x00000000d6500000,0x00000000d6580000)
 ParOldGen       total 1315328K, used 572731K [0x0000000080000000, 0x00000000d0480000, 0x00000000d5580000)
  object space 1315328K, 43% used [0x0000000080000000,0x00000000a2f4ed70,0x00000000d0480000)
 Metaspace       used 78983K, committed 80640K, reserved 1179648K
  class space    used 8534K, committed 9280K, reserved 1048576K
}
Event: 4482.945 GC heap after
{Heap after GC invocations=2785 (full 4):
 PSYoungGen      total 10752K, used 256K [0x00000000d5580000, 0x00000000d6600000, 0x0000000100000000)
  eden space 10240K, 0% used [0x00000000d5580000,0x00000000d5580000,0x00000000d5f80000)
  from space 512K, 50% used [0x00000000d6500000,0x00000000d6540000,0x00000000d6580000)
  to   space 512K, 0% used [0x00000000d6580000,0x00000000d6580000,0x00000000d6600000)
 ParOldGen       total 1315328K, used 572779K [0x0000000080000000, 0x00000000d0480000, 0x00000000d5580000)
  object space 1315328K, 43% used [0x0000000080000000,0x00000000a2f5ad70,0x00000000d0480000)
 Metaspace       used 78983K, committed 80640K, reserved 1179648K
  class space    used 8534K, committed 9280K, reserved 1048576K
}

